Begin Time:2023-09-22T18:21:23.934
[2023-09-22T18:21:23.934 info Netsdk:58964 3448:17300 AVNetSDKMgr.cpp:504]Load avnetsdk library dynamically
[2023-09-22T18:21:23.936 info Netsdk:58964 3448:17300 AVNetSDKMgr.cpp:549]avnetsdk module handle: 000002376C000000

[2023-09-22T18:21:23.936 info Netsdk:58964 3448:17300 AVNetSDKMgr.cpp:823]Load configsdk dynamically
[2023-09-22T18:21:23.937 info Netsdk:58964 3448:17300 dhnetsdk.cpp:302]Enter CLIENT_SetAutoReconnect:[cbAutoConnect=0000023767D30050, dwUser=0000000000000000].
[2023-09-22T18:21:23.937 info Netsdk:58964 3448:17300 dhnetsdk.cpp:304]Leave CLIENT_SetAutoReconnect.
[2023-09-22T18:21:23.937 info Netsdk:58964 3448:17300 dhnetsdk.cpp:326]Enter CLIENT_SetConnectTime:[nWaitTime=5000, nTryTimes=1].
[2023-09-22T18:21:23.938 info Netsdk:58964 3448:17300 dhnetsdk.cpp:339]Leave CLIENT_SetConnectTime.
[2023-09-22T18:21:23.938 info Netsdk:58964 3448:17300 dhnetsdk.cpp:352]Enter CLIENT_SetNetworkParam:[nWaittime=0, nConnectTime=10000, nConnectTryNum=0, nSubConnectSpaceTime=0, nGetDevInfoTime=3000, nConnectBufSize=0, nGetConnInfoTime=3000, nSearchRecordTime=0, nsubDisconnetTime=0, byNetType=0, byPlaybackBufSize=0, bDetectDisconnTime=0, bKeepLifeInterval=0, nPicBufSize=0].
[2023-09-22T18:21:23.938 info Netsdk:58964 3448:17300 dhnetsdk.cpp:367]Leave CLIENT_SetNetworkParam.
[2023-09-22T18:21:34.302 info Netsdk:58964 3448:17300 dhnetsdk.cpp:991]Enter CLIENT_LoginWithHighLevelSecurity. pstInParam:0000023766E74600, pstOutParam:0000023766E72500.
[2023-09-22T18:21:34.302 info Netsdk:58964 3448:17300 dhnetsdk.cpp:1007]IP:192.168.1.58, port:37777, SpeCap:0, CapParam:0000000000000000, TLSCap:0
[2023-09-22T18:21:35.168 info Netsdk:58964 3448:17300 dhnetsdk.cpp:1054]Leave CLIENT_LoginWithHighLevelSecurity. error:0, login ID:1743172208.
[2023-09-22T18:21:36.406 info Netsdk:58964 3448:17300 dhnetsdk.cpp:534]Enter CLIENT_SetDVRMessCallBack: [cbMessage=0000023767D30090, dwUser=0000000000000000].
[2023-09-22T18:21:36.406 info Netsdk:58964 3448:17300 dhnetsdk.cpp:536]Leave CLIENT_SetDVRMessCallBack.
[2023-09-22T18:21:36.407 info Netsdk:58964 3448:17300 dhnetsdk.cpp:4681]Enter CLIENT_StartListenEx. lLoginID:1743172208.
[2023-09-22T18:21:36.407 info Netsdk:58964 3448:17300 dhnetsdk.cpp:4702]Leave CLIENT_StartListenEx.ret:1.
[2023-09-22T18:21:41.903 info Netsdk:58964 3448:16888 Manager.cpp:9521]DH_START_LISTEN_FINISH_EVENT callback dwEventResult:0x0
[2023-09-22T18:24:19.908 info Netsdk:58964 3448:17300 dhnetsdk.cpp:4716]Enter CLIENT_StopListen. lLoginID:1743172208.
[2023-09-22T18:24:19.909 info Netsdk:58964 3448:17300 dhnetsdk.cpp:4737]Leave CLIENT_StopListen.ret:1.
[2023-09-22T18:24:20.484 info Netsdk:58964 3448:17300 dhnetsdk.cpp:534]Enter CLIENT_SetDVRMessCallBack: [cbMessage=0000023767D30090, dwUser=0000000000000000].
[2023-09-22T18:24:20.484 info Netsdk:58964 3448:17300 dhnetsdk.cpp:536]Leave CLIENT_SetDVRMessCallBack.
[2023-09-22T18:24:20.484 info Netsdk:58964 3448:17300 dhnetsdk.cpp:4681]Enter CLIENT_StartListenEx. lLoginID:1743172208.
[2023-09-22T18:24:20.485 info Netsdk:58964 3448:17300 dhnetsdk.cpp:4702]Leave CLIENT_StartListenEx.ret:1.
[2023-09-22T18:24:24.408 info Netsdk:58964 3448:16888 Manager.cpp:9521]DH_START_LISTEN_FINISH_EVENT callback dwEventResult:0x0
